expected["[null,\"Chat\",\"Nombre\",\"Colonne parfois vide\",\"Repas\"]","[null,\"Siamois\",14,null,\"Thon\"]","[null,\"Persan\",10,\"Rempli\",\"Thon\"]","[null,\"Lion\",1,null,\"Viande\"]"]
returned[[null,"Siamois",14,null,"Thon"],[null,"Persan",10,"Rempli","Thon"],[null,"Lion",1,null,"Viande"]]
<testsuite name="Mocha Tests" tests="2" failures="2" errors="2" skipped="0" timestamp="Fri, 29 Sep 2017 11:57:35 GMT" time="0.108">
<testcase classname="SAMPLE unit test" name="should return home page" time="0"><failure>Cannot read property &#x27;status&#x27; of null
TypeError: Cannot read property &#x27;status&#x27; of null
    at Test.&#x3C;anonymous&#x3E; (test/first-test.js:20:10)
    at Test.assert (node_modules/supertest/lib/test.js:165:8)
    at assert (node_modules/supertest/lib/test.js:131:12)
    at node_modules/supertest/lib/test.js:128:5
    at Test.Request.callback (node_modules/superagent/lib/node/index.js:699:3)
    at ClientRequest.&#x3C;anonymous&#x3E; (node_modules/superagent/lib/node/index.js:636:10)
    at Socket.socketErrorListener (_http_client.js:401:9)
    at emitErrorNT (internal/streams/destroy.js:64:8)
    at _combinedTickCallback (internal/process/next_tick.js:138:11)
    at process._tickCallback (internal/process/next_tick.js:180:9)</failure></testcase>
<testcase classname="Import des donn&#xE9;es depuis Excel" name="should correctly import data from Excel" time="0.072"><failure>&#x27;[&#x22;[null,\\&#x22;Chat\\&#x22;,\\&#x22;Nombre\\&#x22;,\\&#x22;Colonne parfois vide\\&#x22;,\\&#x22;Repas\\&#x22;]&#x22;,&#x22;[null,\\&#x22;Siamois\\&#x22;,14,null,\\&#x22;Thon\\&#x22;]&#x22;,&#x22;[null,\\&#x22;Pe == &#x27;[[null,&#x22;Siamois&#x22;,14,null,&#x22;Thon&#x22;],[null,&#x22;Persan&#x22;,10,&#x22;Rempli&#x22;,&#x22;Thon&#x22;],[null,&#x22;Lion&#x22;,1,null,&#x22;Viande&#x22;]]&#x27;
AssertionError [ERR_ASSERTION]: &#x27;[&#x22;[null,\\&#x22;Chat\\&#x22;,\\&#x22;Nombre\\&#x22;,\\&#x22;Colonne parfois vide\\&#x22;,\\&#x22;Repas\\&#x22;]&#x22;,&#x22;[null,\\&#x22;Siamois\\&#x22;,14,null,\\&#x22;Thon\\&#x22;]&#x22;,&#x22;[null,\\&#x22;Pe == &#x27;[[null,&#x22;Siamois&#x22;,14,null,&#x22;Thon&#x22;],[null,&#x22;Persan&#x22;,10,&#x22;Rempli&#x22;,&#x22;Thon&#x22;],[null,&#x22;Lion&#x22;,1,null,&#x22;Viande&#x22;]]&#x27;
    at test/importfromexceltest.js:16:16
    at workBook.xlsx.readFile.then (datamanagement/db_importfromexcel.js:20:13)
    at &#x3C;anonymous&#x3E;</failure></testcase>
</testsuite>
